# JRE version: Java(TM) SE Runtime Environment (9.0+11) (build 9.0.4+11)
# Java VM: Java HotSpot(TM) 64-Bit Server VM (9.0.4+11, mixed mode, tiered, compressed oops, g1 gc, windows-amd64)
Heap:
 garbage-first heap   total 212992K, used 126242K [0x0000000700000000, 0x0000000700100680, 0x00000007c0000000)
  region size 1024K, 44 young (45056K), 1 survivors (1024K)
 Metaspace       used 88744K, capacity 95529K, committed 95744K, reserved 1132544K
  class space    used 12087K, capacity 13283K, committed 13312K, reserved 1048576K
GC Heap History (10 events):
Event: 3402.804 GC heap before
{Heap before GC invocations=376 (full 5):
 garbage-first heap   total 212992K, used 143061K [0x0000000700000000, 0x0000000700100680, 0x00000007c0000000)
  region size 1024K, 60 young (61440K), 2 survivors (2048K)
 Metaspace       used 88711K, capacity 95529K, committed 95744K, reserved 1132544K
  class space    used 12087K, capacity 13283K, committed 13312K, reserved 1048576K
}
Event: 3402.815 GC heap after
{Heap after GC invocations=377 (full 5):
 garbage-first heap   total 212992K, used 83249K [0x0000000700000000, 0x0000000700100680, 0x00000007c0000000)
  region size 1024K, 2 young (2048K), 2 survivors (2048K)
 Metaspace       used 88711K, capacity 95529K, committed 95744K, reserved 1132544K
  class space    used 12087K, capacity 13283K, committed 13312K, reserved 1048576K
}
Event: 3406.644 GC heap before
{Heap before GC invocations=377 (full 5):
 garbage-first heap   total 212992K, used 142641K [0x0000000700000000, 0x0000000700100680, 0x00000007c0000000)
  region size 1024K, 60 young (61440K), 2 survivors (2048K)
 Metaspace       used 88714K, capacity 95529K, committed 95744K, reserved 1132544K
  class space    used 12087K, capacity 13283K, committed 13312K, reserved 1048576K
}
Event: 3406.658 GC heap after
{Heap after GC invocations=378 (full 5):
 garbage-first heap   total 212992K, used 83730K [0x0000000700000000, 0x0000000700100680, 0x00000007c0000000)
  region size 1024K, 2 young (2048K), 2 survivors (2048K)
 Metaspace       used 88714K, capacity 95529K, committed 95744K, reserved 1132544K
  class space    used 12087K, capacity 13283K, committed 13312K, reserved 1048576K
}
Event: 3410.532 GC heap before
{Heap before GC invocations=378 (full 5):
 garbage-first heap   total 212992K, used 143122K [0x0000000700000000, 0x0000000700100680, 0x00000007c0000000)
  region size 1024K, 60 young (61440K), 2 survivors (2048K)
 Metaspace       used 88714K, capacity 95529K, committed 95744K, reserved 1132544K
  class space    used 12087K, capacity 13283K, committed 13312K, reserved 1048576K
}
Event: 3410.541 GC heap after
{Heap after GC invocations=379 (full 5):
 garbage-first heap   total 212992K, used 83122K [0x0000000700000000, 0x0000000700100680, 0x00000007c0000000)
  region size 1024K, 1 young (1024K), 1 survivors (1024K)
 Metaspace       used 88714K, capacity 95529K, committed 95744K, reserved 1132544K
  class space    used 12087K, capacity 13283K, committed 13312K, reserved 1048576K
}
Event: 3424.064 GC heap before
{Heap before GC invocations=379 (full 5):
 garbage-first heap   total 212992K, used 143538K [0x0000000700000000, 0x0000000700100680, 0x00000007c0000000)
  region size 1024K, 60 young (61440K), 1 survivors (1024K)
 Metaspace       used 88717K, capacity 95529K, committed 95744K, reserved 1132544K
  class space    used 12087K, capacity 13283K, committed 13312K, reserved 1048576K
}
Event: 3424.075 GC heap after
{Heap after GC invocations=380 (full 5):
 garbage-first heap   total 212992K, used 83306K [0x0000000700000000, 0x0000000700100680, 0x00000007c0000000)
  region size 1024K, 2 young (2048K), 2 survivors (2048K)
 Metaspace       used 88717K, capacity 95529K, committed 95744K, reserved 1132544K
  class space    used 12087K, capacity 13283K, committed 13312K, reserved 1048576K
}
Event: 3443.498 GC heap before
{Heap before GC invocations=380 (full 5):
 garbage-first heap   total 212992K, used 142698K [0x0000000700000000, 0x0000000700100680, 0x00000007c0000000)
  region size 1024K, 60 young (61440K), 2 survivors (2048K)
 Metaspace       used 88744K, capacity 95529K, committed 95744K, reserved 1132544K
  class space    used 12087K, capacity 13283K, committed 13312K, reserved 1048576K
}
Event: 3443.508 GC heap after
{Heap after GC invocations=381 (full 5):
 garbage-first heap   total 212992K, used 83234K [0x0000000700000000, 0x0000000700100680, 0x00000007c0000000)
  region size 1024K, 1 young (1024K), 1 survivors (1024K)
 Metaspace       used 88744K, capacity 95529K, committed 95744K, reserved 1132544K
  class space    used 12087K, capacity 13283K, committed 13312K, reserved 1048576K
}

